<?xml version="1.0" encoding="UTF-8"?>
<!-- Generated by org.testng.reporters.JUnitReportReporter -->
<testsuite hostname="NJYM8SWR3M2" name="sample.NewTest" tests="1" failures="0" timestamp="17 Oct 2018 18:11:00 GMT" time="9.322" errors="0">
  <testcase name="testEasy" time="9.322" classname="sample.NewTest"/>
</testsuite> <!-- sample.NewTest -->
