<?xml version="1.0" encoding="UTF-8"?>
<!-- Generated by org.testng.reporters.JUnitReportReporter -->
<testsuite hostname="NJYM8SWR3M2" name="sample.NewTest" tests="1" failures="0" timestamp="17 Oct 2018 15:03:56 GMT" time="5.047" errors="0">
  <testcase name="testEasy" time="5.047" classname="sample.NewTest"/>
</testsuite> <!-- sample.NewTest -->
